[13:03:48 21:01:2024] - ERROR - null
[13:21:12 21:01:2024] - ERROR - auth windows - user failed to login - ERR_BAD_REQUEST
[21:11:38 23:01:2024] - ERROR - ERR_FILE_NOT_FOUND (-6) loading 'file:///D:/PEKERJAAN/Api/DKAParking/Admin/UI/index.html#/example'
[21:12:13 23:01:2024] - ERROR - ERR_FILE_NOT_FOUND (-6) loading 'file:///D:/PEKERJAAN/Api/DKAParking/Admin/UI/index.html#/example'
[00:00:37 24:01:2024] - ERROR - ERR_CONNECTION_REFUSED (-102) loading 'http://localhost:2000/#/example'
[00:01:00 24:01:2024] - ERROR - ERR_CONNECTION_REFUSED (-102) loading 'http://localhost:2000/#/example'
[09:45:00 24:01:2024] - ERROR - ERR_CONNECTION_REFUSED (-102) loading 'http://localhost:3000/#Example'
[10:16:24 24:01:2024] - ERROR - ERR_CONNECTION_REFUSED (-102) loading 'http://localhost:3000/#Example'
[10:16:24 24:01:2024] - ERROR - ERR_CONNECTION_REFUSED (-102) loading 'http://localhost:3000/#Example'
[10:16:24 24:01:2024] - ERROR - ERR_CONNECTION_REFUSED (-102) loading 'http://localhost:3000/#Example'
[10:16:47 24:01:2024] - ERROR - ERR_CONNECTION_REFUSED (-102) loading 'http://localhost:3000/#Example'
[10:16:47 24:01:2024] - ERROR - ERR_CONNECTION_REFUSED (-102) loading 'http://localhost:3000/#Example'
[10:16:47 24:01:2024] - ERROR - ERR_CONNECTION_REFUSED (-102) loading 'http://localhost:3000/#Example'
[10:16:58 24:01:2024] - ERROR - ERR_CONNECTION_REFUSED (-102) loading 'http://localhost:3000/#Example'
[10:16:58 24:01:2024] - ERROR - ERR_CONNECTION_REFUSED (-102) loading 'http://localhost:3000/#Example'
[10:16:58 24:01:2024] - ERROR - ERR_CONNECTION_REFUSED (-102) loading 'http://localhost:3000/#Example'
[10:17:10 24:01:2024] - ERROR - ERR_CONNECTION_REFUSED (-102) loading 'http://localhost:3000/#Example'
[10:17:10 24:01:2024] - ERROR - ERR_CONNECTION_REFUSED (-102) loading 'http://localhost:3000/#Example'
[10:17:10 24:01:2024] - ERROR - ERR_CONNECTION_REFUSED (-102) loading 'http://localhost:3000/#Example'
[10:17:28 24:01:2024] - ERROR - ERR_CONNECTION_REFUSED (-102) loading 'http://localhost:3000/#Example'
[10:17:28 24:01:2024] - ERROR - ERR_CONNECTION_REFUSED (-102) loading 'http://localhost:3000/#Example'
[10:17:28 24:01:2024] - ERROR - ERR_CONNECTION_REFUSED (-102) loading 'http://localhost:3000/#Example'
[10:28:06 24:01:2024] - ERROR - ERR_CONNECTION_REFUSED (-102) loading 'http://localhost:3000/#Example'
[10:35:10 24:01:2024] - ERROR - ERR_CONNECTION_REFUSED (-102) loading 'http://localhost:3000/#Example'
[10:35:10 24:01:2024] - ERROR - ERR_CONNECTION_REFUSED (-102) loading 'http://localhost:3000/#Example'
[10:35:10 24:01:2024] - ERROR - ERR_CONNECTION_REFUSED (-102) loading 'http://localhost:3000/#Example'
[10:35:11 24:01:2024] - ERROR - ERR_CONNECTION_REFUSED (-102) loading 'http://localhost:3000/#Example'
[10:35:11 24:01:2024] - ERROR - ERR_CONNECTION_REFUSED (-102) loading 'http://localhost:3000/#Example'
[10:35:11 24:01:2024] - ERROR - ERR_CONNECTION_REFUSED (-102) loading 'http://localhost:3000/#Example'
[10:35:12 24:01:2024] - ERROR - ERR_CONNECTION_REFUSED (-102) loading 'http://localhost:3000/#Example'
[10:35:12 24:01:2024] - ERROR - ERR_CONNECTION_REFUSED (-102) loading 'http://localhost:3000/#Example'
[10:35:12 24:01:2024] - ERROR - ERR_CONNECTION_REFUSED (-102) loading 'http://localhost:3000/#Example'
[10:35:19 24:01:2024] - ERROR - ERR_CONNECTION_REFUSED (-102) loading 'http://localhost:3000/#Example'
[10:35:20 24:01:2024] - ERROR - ERR_CONNECTION_REFUSED (-102) loading 'http://localhost:3000/#Example'
[10:35:20 24:01:2024] - ERROR - ERR_CONNECTION_REFUSED (-102) loading 'http://localhost:3000/#Example'
[10:35:56 24:01:2024] - ERROR - ERR_CONNECTION_REFUSED (-102) loading 'http://localhost:3000/#Example'
[10:36:20 24:01:2024] - ERROR - ERR_CONNECTION_REFUSED (-102) loading 'http://localhost:3000/#Example'
[11:20:03 24:01:2024] - ERROR - ERR_CONNECTION_REFUSED (-102) loading 'http://localhost:3000/#example'
[11:20:13 24:01:2024] - ERROR - ERR_CONNECTION_REFUSED (-102) loading 'http://localhost:3000/#example'
[11:22:04 24:01:2024] - ERROR - ERR_CONNECTION_REFUSED (-102) loading 'http://127.0.0.1:3000/#example'
[11:22:30 24:01:2024] - ERROR - ERR_CONNECTION_REFUSED (-102) loading 'http://127.0.0.1:3000/#example'
[11:25:46 24:01:2024] - ERROR - ERR_CONNECTION_REFUSED (-102) loading 'http://127.0.0.1:3000/#example'
[11:28:10 24:01:2024] - ERROR - ERR_CONNECTION_REFUSED (-102) loading 'http://127.0.0.1:3000/#example'
[11:35:13 24:01:2024] - ERROR - ERR_CONNECTION_REFUSED (-102) loading 'http://127.0.0.1:3000/#example'
[11:35:43 24:01:2024] - ERROR - ERR_CONNECTION_REFUSED (-102) loading 'http://127.0.0.1:3000/#example'
[11:41:30 24:01:2024] - ERROR - ERR_CONNECTION_REFUSED (-102) loading 'http://127.0.0.1:3000/#example'
[11:49:15 24:01:2024] - ERROR - ERR_CONNECTION_REFUSED (-102) loading 'http://127.0.0.1:3000/#example'
[11:52:05 24:01:2024] - ERROR - ERR_CONNECTION_REFUSED (-102) loading 'http://127.0.0.1:3000/#example'
[11:52:21 24:01:2024] - ERROR - ERR_CONNECTION_REFUSED (-102) loading 'http://127.0.0.1:3000/#example'
[12:02:14 24:01:2024] - ERROR - ERR_FILE_NOT_FOUND (-6) loading 'file:///D:/PEKERJAAN/Api/DKAParking/Admin/dist/UI/index.html#/example'
[12:04:19 24:01:2024] - ERROR - ERR_FILE_NOT_FOUND (-6) loading 'file:///D:/PEKERJAAN/Api/DKAParking/Admin/dist/UI/index.html#/example'
[12:05:21 24:01:2024] - ERROR - ERR_FILE_NOT_FOUND (-6) loading 'file:///D:/PEKERJAAN/Api/DKAParking/Admin/dist/UI/index.html#/example'
[12:05:54 24:01:2024] - ERROR - ERR_FILE_NOT_FOUND (-6) loading 'file:///D:/PEKERJAAN/Api/DKAParking/Admin/dist/UI/index.html#/example'
[12:06:31 24:01:2024] - ERROR - ERR_FILE_NOT_FOUND (-6) loading 'file:///D:/PEKERJAAN/Api/DKAParking/Admin/dist/UI/index.html#/example'
[12:06:42 24:01:2024] - ERROR - ERR_FILE_NOT_FOUND (-6) loading 'file:///D:/PEKERJAAN/Api/DKAParking/Admin/dist/UI/index.html#/example'
[12:07:06 24:01:2024] - ERROR - ERR_FILE_NOT_FOUND (-6) loading 'file:///D:/PEKERJAAN/Api/DKAParking/Admin/dist/UI/index.html#/example'
[12:07:56 24:01:2024] - ERROR - ERR_FILE_NOT_FOUND (-6) loading 'file:///D:/PEKERJAAN/Api/DKAParking/Admin/dist/UI/index.html#/example'
[12:08:10 24:01:2024] - ERROR - ERR_FILE_NOT_FOUND (-6) loading 'file:///D:/PEKERJAAN/Api/DKAParking/Admin/dist/UI/index.html#/example'
[12:08:29 24:01:2024] - ERROR - ERR_FILE_NOT_FOUND (-6) loading 'file:///D:/PEKERJAAN/Api/DKAParking/Admin/dist/UI/index.html#/example'
[12:09:24 24:01:2024] - ERROR - ERR_FILE_NOT_FOUND (-6) loading 'file:///D:/PEKERJAAN/Api/DKAParking/Admin/dist/UI/index.html#/example'
