[13:01:54 21:01:2024] - INFO - app when ready in triggered
[13:01:56 21:01:2024] - INFO - auth windows - close window
[13:01:56 21:01:2024] - INFO - auth windows - closed window
[13:02:29 21:01:2024] - INFO - app when ready in triggered
[13:02:33 21:01:2024] - INFO - auth windows - close window
[13:02:33 21:01:2024] - INFO - auth windows - closed window
[13:03:44 21:01:2024] - INFO - app when ready in triggered
[13:03:48 21:01:2024] - ERROR - null
[13:03:51 21:01:2024] - INFO - auth windows - close window
[13:03:51 21:01:2024] - INFO - auth windows - closed window
[13:04:53 21:01:2024] - INFO - app when ready in triggered
[13:10:28 21:01:2024] - INFO - app when ready in triggered
[13:21:03 21:01:2024] - INFO - app when ready in triggered
[13:21:12 21:01:2024] - INFO - auth windows - client action submit login
[13:21:12 21:01:2024] - ERROR - auth windows - user failed to login - ERR_BAD_REQUEST
[13:21:16 21:01:2024] - INFO - auth windows - client action submit login
[13:21:16 21:01:2024] - INFO - auth windows - succesfully login ... 
[13:21:18 21:01:2024] - INFO - auth windows - close window
[13:21:18 21:01:2024] - INFO - auth windows - closed window
[13:21:19 21:01:2024] - INFO - cashier window - window in focused
[13:21:20 21:01:2024] - INFO - cashier window - window in blur
[13:21:21 21:01:2024] - INFO - cashier window - window in focused
[13:21:22 21:01:2024] - INFO - cashier window - window in blur
[13:21:23 21:01:2024] - INFO - cashier window - window in focused
[13:21:23 21:01:2024] - INFO - cashier window - window in blur
[13:24:12 21:01:2024] - INFO - app when ready in triggered
[13:24:13 21:01:2024] - INFO - cashier window - window in focused
[13:24:18 21:01:2024] - INFO - cashier window - window in blur
[13:24:29 21:01:2024] - INFO - app when ready in triggered
[13:24:30 21:01:2024] - INFO - cashier window - window in focused
[13:24:31 21:01:2024] - INFO - cashier window - window in blur
[13:32:56 21:01:2024] - INFO - app when ready in triggered
[13:33:03 21:01:2024] - INFO - auth windows - client action submit login
[13:33:03 21:01:2024] - INFO - auth windows - succesfully login ... 
[13:33:05 21:01:2024] - INFO - auth windows - close window
[13:33:05 21:01:2024] - INFO - auth windows - closed window
[13:33:05 21:01:2024] - INFO - cashier window - window in focused
[13:33:11 21:01:2024] - INFO - cashier window - window in blur
[13:46:43 21:01:2024] - INFO - app when ready in triggered
[13:46:47 21:01:2024] - INFO - cashier window - window in blur
[13:46:47 21:01:2024] - INFO - cashier window - window in focused
[13:46:50 21:01:2024] - INFO - cashier window - window in blur
[13:47:03 21:01:2024] - INFO - app when ready in triggered
[13:47:06 21:01:2024] - INFO - cashier window - window in blur
[13:47:38 21:01:2024] - INFO - cashier window - window in focused
[13:47:39 21:01:2024] - INFO - cashier window - window in blur
[13:51:40 21:01:2024] - INFO - app when ready in triggered
[13:51:52 21:01:2024] - INFO - cashier window - window in blur
[13:51:53 21:01:2024] - INFO - cashier window - window in focused
[13:52:12 21:01:2024] - INFO - cashier window - window in blur
[13:52:12 21:01:2024] - INFO - cashier window - window in focused
[13:52:14 21:01:2024] - INFO - cashier window - window in blur
[13:53:25 21:01:2024] - INFO - app when ready in triggered
[13:53:28 21:01:2024] - INFO - cashier window - window in blur
[13:54:02 21:01:2024] - INFO - app when ready in triggered
[13:54:06 21:01:2024] - INFO - cashier window - window in blur
[13:54:06 21:01:2024] - INFO - cashier window - window in focused
[13:54:08 21:01:2024] - INFO - cashier window - window in blur
[13:54:14 21:01:2024] - INFO - cashier window - window in focused
[13:54:15 21:01:2024] - INFO - cashier window - window in blur
[13:54:19 21:01:2024] - INFO - cashier window - window in focused
[13:54:29 21:01:2024] - INFO - cashier window - window in blur
[13:55:18 21:01:2024] - INFO - app when ready in triggered
[13:55:31 21:01:2024] - INFO - cashier window - window in blur
[13:56:02 21:01:2024] - INFO - app when ready in triggered
[13:56:14 21:01:2024] - INFO - cashier window - window in blur
[13:56:14 21:01:2024] - INFO - cashier window - window in focused
[13:56:15 21:01:2024] - INFO - cashier window - window in blur
[14:02:26 21:01:2024] - INFO - app when ready in triggered
[14:02:27 21:01:2024] - INFO - cashier window - window in focused
[14:02:33 21:01:2024] - INFO - cashier window - window in blur
[14:02:35 21:01:2024] - INFO - cashier window - window in focused
[14:02:36 21:01:2024] - INFO - cashier window - window in blur
[14:02:38 21:01:2024] - INFO - cashier window - window in focused
[14:02:38 21:01:2024] - INFO - cashier window - window in blur
[14:02:52 21:01:2024] - INFO - cashier window - window in focused
[14:02:53 21:01:2024] - INFO - cashier window - window in blur
[14:02:56 21:01:2024] - INFO - cashier window - window in focused
[14:03:00 21:01:2024] - INFO - cashier window - window in blur
[18:00:46 21:01:2024] - INFO - cashier window - window in blur
[18:00:46 21:01:2024] - INFO - cashier window - window in focused
[18:00:50 21:01:2024] - INFO - cashier window - window in blur
[13:06:38 22:01:2024] - INFO - app when ready in triggered
[13:11:31 22:01:2024] - INFO - app when ready in triggered
[13:11:36 22:01:2024] - INFO - auth windows - client action submit login
[13:11:36 22:01:2024] - INFO - auth windows - succesfully login ... 
[13:11:38 22:01:2024] - INFO - auth windows - close window
[13:11:38 22:01:2024] - INFO - auth windows - closed window
[13:11:38 22:01:2024] - INFO - cashier window - window in focused
[13:11:43 22:01:2024] - INFO - cashier window - window in blur
[13:11:44 22:01:2024] - INFO - cashier window - window in focused
[13:11:45 22:01:2024] - INFO - cashier window - window in blur
[13:12:38 22:01:2024] - INFO - app when ready in triggered
[13:12:39 22:01:2024] - INFO - cashier window - window in focused
[13:12:43 22:01:2024] - INFO - cashier window - window in blur
[13:13:21 22:01:2024] - INFO - app when ready in triggered
[13:13:21 22:01:2024] - INFO - cashier window - window in focused
[13:13:22 22:01:2024] - INFO - cashier window - window in blur
[13:13:57 22:01:2024] - INFO - app when ready in triggered
[13:13:58 22:01:2024] - INFO - cashier window - window in focused
[13:14:00 22:01:2024] - INFO - cashier window - window in blur
[13:14:38 22:01:2024] - INFO - app when ready in triggered
[13:14:38 22:01:2024] - INFO - cashier window - window in focused
[13:14:48 22:01:2024] - INFO - cashier window - window in blur
[13:16:27 22:01:2024] - INFO - cashier window - window in focused
[13:16:27 22:01:2024] - INFO - cashier window - window in blur
[13:34:42 22:01:2024] - INFO - app when ready in triggered
[13:34:42 22:01:2024] - INFO - cashier window - window in focused
[13:34:47 22:01:2024] - INFO - cashier window - window in blur
[13:34:59 22:01:2024] - INFO - cashier window - window in focused
[13:35:03 22:01:2024] - INFO - cashier window - window in blur
[13:35:47 22:01:2024] - INFO - app when ready in triggered
[13:35:48 22:01:2024] - INFO - cashier window - window in focused
[13:35:50 22:01:2024] - INFO - cashier window - window in blur
[13:36:32 22:01:2024] - INFO - app when ready in triggered
[13:36:33 22:01:2024] - INFO - cashier window - window in focused
[13:36:35 22:01:2024] - INFO - cashier window - window in blur
[13:36:35 22:01:2024] - INFO - cashier window - window in focused
[13:36:36 22:01:2024] - INFO - cashier window - window in blur
[13:36:40 22:01:2024] - INFO - cashier window - window in focused
[13:36:44 22:01:2024] - INFO - cashier window - window in blur
[13:36:56 22:01:2024] - INFO - cashier window - window in focused
[13:37:02 22:01:2024] - INFO - cashier window - window in blur
[13:37:03 22:01:2024] - INFO - cashier window - window in focused
[13:37:05 22:01:2024] - INFO - cashier window - window in blur
[13:37:39 22:01:2024] - INFO - app when ready in triggered
[13:37:40 22:01:2024] - INFO - cashier window - window in focused
[13:37:42 22:01:2024] - INFO - cashier window - window in blur
[13:37:44 22:01:2024] - INFO - cashier window - window in focused
[13:37:49 22:01:2024] - INFO - cashier window - window in blur
[13:38:18 22:01:2024] - INFO - app when ready in triggered
[13:38:19 22:01:2024] - INFO - cashier window - window in focused
[13:38:42 22:01:2024] - INFO - cashier window - window in blur
[13:38:56 22:01:2024] - INFO - app when ready in triggered
[13:38:57 22:01:2024] - INFO - cashier window - window in focused
[13:39:00 22:01:2024] - INFO - cashier window - window in blur
[13:39:02 22:01:2024] - INFO - cashier window - window in focused
[13:39:03 22:01:2024] - INFO - cashier window - window in blur
[13:39:26 22:01:2024] - INFO - app when ready in triggered
[13:39:27 22:01:2024] - INFO - cashier window - window in focused
[13:39:42 22:01:2024] - INFO - cashier window - window in blur
[13:42:35 22:01:2024] - INFO - app when ready in triggered
[13:42:35 22:01:2024] - INFO - cashier window - window in focused
[13:42:41 22:01:2024] - INFO - cashier window - window in blur
[13:43:14 22:01:2024] - INFO - app when ready in triggered
[13:43:14 22:01:2024] - INFO - cashier window - window in focused
[13:43:16 22:01:2024] - INFO - cashier window - window in blur
[13:44:26 22:01:2024] - INFO - app when ready in triggered
[13:44:27 22:01:2024] - INFO - cashier window - window in focused
[13:44:28 22:01:2024] - INFO - cashier window - window in blur
[13:45:13 22:01:2024] - INFO - app when ready in triggered
[13:45:13 22:01:2024] - INFO - cashier window - window in focused
[13:45:18 22:01:2024] - INFO - cashier window - window in blur
[13:47:08 22:01:2024] - INFO - app when ready in triggered
[13:47:09 22:01:2024] - INFO - cashier window - window in focused
[13:47:12 22:01:2024] - INFO - cashier window - window in blur
[13:48:42 22:01:2024] - INFO - app when ready in triggered
[13:48:42 22:01:2024] - INFO - cashier window - window in focused
[13:48:46 22:01:2024] - INFO - cashier window - window in blur
[13:51:44 22:01:2024] - INFO - app when ready in triggered
[13:51:44 22:01:2024] - INFO - cashier window - window in focused
[13:51:48 22:01:2024] - INFO - cashier window - window in blur
[13:52:28 22:01:2024] - INFO - cashier window - window in focused
[13:52:54 22:01:2024] - INFO - cashier window - window in blur
[13:53:00 22:01:2024] - INFO - cashier window - window in focused
[13:53:03 22:01:2024] - INFO - cashier window - window in blur
[13:53:05 22:01:2024] - INFO - cashier window - window in focused
[13:53:09 22:01:2024] - INFO - cashier window - window in blur
[14:05:47 22:01:2024] - INFO - app when ready in triggered
[14:05:48 22:01:2024] - INFO - cashier window - window in focused
[14:05:55 22:01:2024] - INFO - cashier window - window in focused
[14:06:01 22:01:2024] - INFO - cashier window - window in blur
[14:06:03 22:01:2024] - INFO - cashier window - window in focused
[14:06:08 22:01:2024] - INFO - cashier window - window in focused
[14:06:18 22:01:2024] - INFO - cashier window - window in focused
[14:06:22 22:01:2024] - INFO - cashier window - window in blur
[14:07:42 22:01:2024] - INFO - app when ready in triggered
[14:07:43 22:01:2024] - INFO - cashier window - window in focused
[14:07:46 22:01:2024] - INFO - cashier window - window in focused
[14:07:54 22:01:2024] - INFO - cashier window - window in focused
[14:08:00 22:01:2024] - INFO - cashier window - window in blur
[14:08:27 22:01:2024] - INFO - app when ready in triggered
[14:08:27 22:01:2024] - INFO - cashier window - window in focused
[14:08:39 22:01:2024] - INFO - cashier window - window in focused
[14:08:42 22:01:2024] - INFO - cashier window - window in blur
[14:08:46 22:01:2024] - INFO - cashier window - window in focused
[14:08:51 22:01:2024] - INFO - cashier window - window in focused
[14:08:52 22:01:2024] - INFO - cashier window - window in blur
[14:09:08 22:01:2024] - INFO - cashier window - window in focused
[14:09:12 22:01:2024] - INFO - cashier window - window in focused
[14:09:14 22:01:2024] - INFO - cashier window - window in blur
[14:09:20 22:01:2024] - INFO - cashier window - window in focused
[14:09:24 22:01:2024] - INFO - cashier window - window in blur
[14:12:48 22:01:2024] - INFO - app when ready in triggered
[14:12:49 22:01:2024] - INFO - cashier window - window in focused
[14:13:22 22:01:2024] - INFO - app when ready in triggered
[14:13:23 22:01:2024] - INFO - cashier window - window in focused
[14:13:44 22:01:2024] - INFO - cashier window - window in blur
[14:13:45 22:01:2024] - INFO - cashier window - window in focused
[14:13:49 22:01:2024] - INFO - cashier window - window in focused
[14:13:50 22:01:2024] - INFO - cashier window - window in blur
[14:13:51 22:01:2024] - INFO - cashier window - window in focused
[14:14:00 22:01:2024] - INFO - cashier window - window in focused
[14:14:04 22:01:2024] - INFO - cashier window - window in blur
[14:14:09 22:01:2024] - INFO - cashier window - window in focused
[14:14:12 22:01:2024] - INFO - cashier window - window in focused
[14:14:13 22:01:2024] - INFO - cashier window - window in blur
[14:14:49 22:01:2024] - INFO - app when ready in triggered
[14:14:50 22:01:2024] - INFO - cashier window - window in focused
[14:14:57 22:01:2024] - INFO - cashier window - window in focused
[14:15:08 22:01:2024] - INFO - cashier window - window in blur
[14:15:09 22:01:2024] - INFO - cashier window - window in focused
[14:15:20 22:01:2024] - INFO - cashier window - window in blur
[14:16:28 22:01:2024] - INFO - app when ready in triggered
[14:16:29 22:01:2024] - INFO - cashier window - window in focused
[14:16:54 22:01:2024] - INFO - cashier window - window in blur
[14:17:04 22:01:2024] - INFO - cashier window - window in focused
[14:17:07 22:01:2024] - INFO - cashier window - window in blur
[14:18:16 22:01:2024] - INFO - cashier window - window in focused
[14:18:24 22:01:2024] - INFO - cashier window - window in focused
[14:18:39 22:01:2024] - INFO - cashier window - window in blur
[14:18:46 22:01:2024] - INFO - cashier window - window in focused
[14:18:49 22:01:2024] - INFO - cashier window - window in focused
[14:18:52 22:01:2024] - INFO - cashier window - window in blur
[14:20:02 22:01:2024] - INFO - app when ready in triggered
[14:20:02 22:01:2024] - INFO - cashier window - window in focused
[14:20:08 22:01:2024] - INFO - cashier window - window in blur
[14:20:14 22:01:2024] - INFO - cashier window - window in focused
[14:20:27 22:01:2024] - INFO - cashier window - window in blur
[14:20:27 22:01:2024] - INFO - cashier window - window in focused
[14:20:27 22:01:2024] - INFO - cashier window - window in blur
[14:20:27 22:01:2024] - INFO - cashier window - window in focused
[14:20:27 22:01:2024] - INFO - cashier window - window in blur
[14:20:27 22:01:2024] - INFO - cashier window - window in focused
[14:20:42 22:01:2024] - INFO - cashier window - window in blur
[14:21:15 22:01:2024] - INFO - cashier window - window in focused
[14:21:17 22:01:2024] - INFO - cashier window - window in blur
[14:21:29 22:01:2024] - INFO - cashier window - window in focused
[14:21:30 22:01:2024] - INFO - cashier window - window in blur
[14:21:30 22:01:2024] - INFO - cashier window - window in focused
[14:22:00 22:01:2024] - INFO - cashier window - window in blur
[14:22:01 22:01:2024] - INFO - cashier window - window in focused
[14:22:01 22:01:2024] - INFO - cashier window - window in blur
[14:22:58 22:01:2024] - INFO - cashier window - window in focused
[14:23:06 22:01:2024] - INFO - cashier window - window in blur
[14:23:42 22:01:2024] - INFO - cashier window - window in focused
[14:23:55 22:01:2024] - INFO - cashier window - window in blur
[14:23:56 22:01:2024] - INFO - cashier window - window in focused
[14:23:57 22:01:2024] - INFO - cashier window - window in blur
[14:24:03 22:01:2024] - INFO - cashier window - window in focused
[14:24:04 22:01:2024] - INFO - cashier window - window in blur
[14:24:40 22:01:2024] - INFO - app when ready in triggered
[14:25:55 22:01:2024] - INFO - app when ready in triggered
[14:33:38 22:01:2024] - INFO - app when ready in triggered
[14:34:46 22:01:2024] - INFO - app when ready in triggered
[14:45:40 22:01:2024] - INFO - app when ready in triggered
[14:46:36 22:01:2024] - INFO - app when ready in triggered
[14:48:25 22:01:2024] - INFO - app when ready in triggered
[14:49:07 22:01:2024] - INFO - app when ready in triggered
[14:49:58 22:01:2024] - INFO - app when ready in triggered
[14:50:39 22:01:2024] - INFO - app when ready in triggered
[14:52:14 22:01:2024] - INFO - app when ready in triggered
[14:52:59 22:01:2024] - INFO - app when ready in triggered
[14:55:34 22:01:2024] - INFO - app when ready in triggered
[14:57:52 22:01:2024] - INFO - app when ready in triggered
[14:58:54 22:01:2024] - INFO - app when ready in triggered
[14:59:32 22:01:2024] - INFO - app when ready in triggered
[15:00:42 22:01:2024] - INFO - app when ready in triggered
[15:01:17 22:01:2024] - INFO - app when ready in triggered
[15:01:57 22:01:2024] - INFO - app when ready in triggered
[15:02:55 22:01:2024] - INFO - app when ready in triggered
[15:03:50 22:01:2024] - INFO - app when ready in triggered
[15:04:51 22:01:2024] - INFO - app when ready in triggered
[15:07:12 22:01:2024] - INFO - app when ready in triggered
[15:07:44 22:01:2024] - INFO - app when ready in triggered
[15:09:01 22:01:2024] - INFO - app when ready in triggered
[15:10:11 22:01:2024] - INFO - app when ready in triggered
[15:11:15 22:01:2024] - INFO - app when ready in triggered
[15:11:34 22:01:2024] - INFO - app when ready in triggered
[15:11:59 22:01:2024] - INFO - app when ready in triggered
[15:21:46 22:01:2024] - INFO - app when ready in triggered
[15:22:35 22:01:2024] - INFO - app when ready in triggered
[15:24:27 22:01:2024] - INFO - app when ready in triggered
[16:13:09 22:01:2024] - INFO - app when ready in triggered
[17:44:02 22:01:2024] - INFO - app when ready in triggered
[18:07:10 22:01:2024] - INFO - app when ready in triggered
[18:08:19 22:01:2024] - INFO - app when ready in triggered
[18:09:17 22:01:2024] - INFO - app when ready in triggered
[18:11:03 22:01:2024] - INFO - app when ready in triggered
[18:13:35 22:01:2024] - INFO - app when ready in triggered
[18:18:53 22:01:2024] - INFO - app when ready in triggered
[18:20:46 22:01:2024] - INFO - app when ready in triggered
[19:04:02 22:01:2024] - INFO - app when ready in triggered
[19:19:42 22:01:2024] - INFO - app when ready in triggered
[19:20:32 22:01:2024] - INFO - app when ready in triggered
[19:23:02 22:01:2024] - INFO - app when ready in triggered
[22:07:36 22:01:2024] - INFO - app when ready in triggered
[22:09:50 22:01:2024] - INFO - app when ready in triggered
[22:10:24 22:01:2024] - INFO - app when ready in triggered
[22:10:55 22:01:2024] - INFO - app when ready in triggered
[22:11:54 22:01:2024] - INFO - app when ready in triggered
[22:12:23 22:01:2024] - INFO - app when ready in triggered
[22:13:54 22:01:2024] - INFO - app when ready in triggered
[22:14:14 22:01:2024] - INFO - app when ready in triggered
[22:14:55 22:01:2024] - INFO - app when ready in triggered
[22:16:41 22:01:2024] - INFO - app when ready in triggered
[22:17:31 22:01:2024] - INFO - app when ready in triggered
[22:20:18 22:01:2024] - INFO - app when ready in triggered
[22:20:57 22:01:2024] - INFO - app when ready in triggered
[22:22:47 22:01:2024] - INFO - app when ready in triggered
[22:24:36 22:01:2024] - INFO - app when ready in triggered
[07:02:22 23:01:2024] - INFO - app when ready in triggered
[16:31:08 23:01:2024] - INFO - app when ready in triggered
[16:33:32 23:01:2024] - INFO - app when ready in triggered
[16:37:09 23:01:2024] - INFO - app when ready in triggered
[16:38:42 23:01:2024] - INFO - app when ready in triggered
[16:41:19 23:01:2024] - INFO - app when ready in triggered
[16:41:49 23:01:2024] - INFO - app when ready in triggered
[16:45:11 23:01:2024] - INFO - app when ready in triggered
[16:46:09 23:01:2024] - INFO - app when ready in triggered
[16:46:50 23:01:2024] - INFO - app when ready in triggered
[16:48:06 23:01:2024] - INFO - app when ready in triggered
[16:49:01 23:01:2024] - INFO - app when ready in triggered
[16:50:41 23:01:2024] - INFO - app when ready in triggered
[21:08:22 23:01:2024] - INFO - app when ready in triggered
[21:11:38 23:01:2024] - INFO - app when ready in triggered
[21:11:38 23:01:2024] - ERROR - ERR_FILE_NOT_FOUND (-6) loading 'file:///D:/PEKERJAAN/Api/DKAParking/Admin/UI/index.html#/example'
[21:12:13 23:01:2024] - INFO - app when ready in triggered
[21:12:13 23:01:2024] - ERROR - ERR_FILE_NOT_FOUND (-6) loading 'file:///D:/PEKERJAAN/Api/DKAParking/Admin/UI/index.html#/example'
[21:12:42 23:01:2024] - INFO - app when ready in triggered
[21:13:02 23:01:2024] - INFO - app when ready in triggered
[21:13:35 23:01:2024] - INFO - app when ready in triggered
[21:14:22 23:01:2024] - INFO - app when ready in triggered
[21:15:23 23:01:2024] - INFO - app when ready in triggered
[21:15:47 23:01:2024] - INFO - app when ready in triggered
[21:16:24 23:01:2024] - INFO - app when ready in triggered
[21:16:52 23:01:2024] - INFO - app when ready in triggered
[21:20:32 23:01:2024] - INFO - app when ready in triggered
[21:22:44 23:01:2024] - INFO - app when ready in triggered
[23:47:20 23:01:2024] - INFO - app when ready in triggered
[23:49:18 23:01:2024] - INFO - app when ready in triggered
[23:49:29 23:01:2024] - INFO - app when ready in triggered
[23:49:37 23:01:2024] - INFO - app when ready in triggered
[23:52:39 23:01:2024] - INFO - app when ready in triggered
[23:53:00 23:01:2024] - INFO - app when ready in triggered
[23:53:11 23:01:2024] - INFO - app when ready in triggered
[23:57:15 23:01:2024] - INFO - app when ready in triggered
[00:00:34 24:01:2024] - INFO - app when ready in triggered
[00:00:37 24:01:2024] - ERROR - ERR_CONNECTION_REFUSED (-102) loading 'http://localhost:2000/#/example'
[00:00:58 24:01:2024] - INFO - app when ready in triggered
[00:01:00 24:01:2024] - ERROR - ERR_CONNECTION_REFUSED (-102) loading 'http://localhost:2000/#/example'
[00:01:15 24:01:2024] - INFO - app when ready in triggered
[00:01:49 24:01:2024] - INFO - app when ready in triggered
[00:02:25 24:01:2024] - INFO - app when ready in triggered
[00:02:59 24:01:2024] - INFO - app when ready in triggered
[00:03:15 24:01:2024] - INFO - app when ready in triggered
[00:03:43 24:01:2024] - INFO - app when ready in triggered
[00:04:33 24:01:2024] - INFO - app when ready in triggered
[00:05:45 24:01:2024] - INFO - app when ready in triggered
[00:06:48 24:01:2024] - INFO - app when ready in triggered
[00:07:18 24:01:2024] - INFO - app when ready in triggered
[00:07:41 24:01:2024] - INFO - app when ready in triggered
[00:08:20 24:01:2024] - INFO - app when ready in triggered
[00:09:32 24:01:2024] - INFO - app when ready in triggered
[00:11:05 24:01:2024] - INFO - app when ready in triggered
[00:11:41 24:01:2024] - INFO - app when ready in triggered
[00:15:10 24:01:2024] - INFO - app when ready in triggered
[00:15:30 24:01:2024] - INFO - app when ready in triggered
[06:42:33 24:01:2024] - INFO - app when ready in triggered
[07:48:03 24:01:2024] - INFO - app when ready in triggered
[08:23:31 24:01:2024] - INFO - app when ready in triggered
[08:32:01 24:01:2024] - INFO - app when ready in triggered
[08:33:00 24:01:2024] - INFO - app when ready in triggered
[08:35:43 24:01:2024] - INFO - app when ready in triggered
[08:38:01 24:01:2024] - INFO - app when ready in triggered
[08:38:24 24:01:2024] - INFO - app when ready in triggered
[08:39:30 24:01:2024] - INFO - app when ready in triggered
[08:44:01 24:01:2024] - INFO - app when ready in triggered
[08:44:39 24:01:2024] - INFO - app when ready in triggered
[08:47:04 24:01:2024] - INFO - app when ready in triggered
[08:50:29 24:01:2024] - INFO - app when ready in triggered
[08:50:39 24:01:2024] - INFO - app when ready in triggered
[09:00:47 24:01:2024] - INFO - app when ready in triggered
[09:00:53 24:01:2024] - INFO - app when ready in triggered
[09:04:33 24:01:2024] - INFO - app when ready in triggered
[09:05:55 24:01:2024] - INFO - app when ready in triggered
[09:40:16 24:01:2024] - INFO - app when ready in triggered
[09:40:41 24:01:2024] - INFO - app when ready in triggered
[09:41:14 24:01:2024] - INFO - app when ready in triggered
[09:44:57 24:01:2024] - INFO - app when ready in triggered
[09:45:00 24:01:2024] - ERROR - ERR_CONNECTION_REFUSED (-102) loading 'http://localhost:3000/#Example'
[09:51:21 24:01:2024] - INFO - app when ready in triggered
[09:53:38 24:01:2024] - INFO - app when ready in triggered
[09:53:56 24:01:2024] - INFO - app when ready in triggered
[09:56:33 24:01:2024] - INFO - app when ready in triggered
[09:58:34 24:01:2024] - INFO - app when ready in triggered
[09:59:11 24:01:2024] - INFO - app when ready in triggered
[10:00:58 24:01:2024] - INFO - app when ready in triggered
[10:01:41 24:01:2024] - INFO - app when ready in triggered
[10:02:11 24:01:2024] - INFO - app when ready in triggered
[10:03:08 24:01:2024] - INFO - app when ready in triggered
[10:06:06 24:01:2024] - INFO - app when ready in triggered
[10:06:19 24:01:2024] - INFO - app when ready in triggered
[10:14:11 24:01:2024] - INFO - app when ready in triggered
[10:14:45 24:01:2024] - INFO - app when ready in triggered
[10:14:51 24:01:2024] - INFO - app when ready in triggered
[10:16:05 24:01:2024] - INFO - app when ready in triggered
[10:16:24 24:01:2024] - ERROR - ERR_CONNECTION_REFUSED (-102) loading 'http://localhost:3000/#Example'
[10:16:24 24:01:2024] - ERROR - ERR_CONNECTION_REFUSED (-102) loading 'http://localhost:3000/#Example'
[10:16:24 24:01:2024] - ERROR - ERR_CONNECTION_REFUSED (-102) loading 'http://localhost:3000/#Example'
[10:16:47 24:01:2024] - ERROR - ERR_CONNECTION_REFUSED (-102) loading 'http://localhost:3000/#Example'
[10:16:47 24:01:2024] - ERROR - ERR_CONNECTION_REFUSED (-102) loading 'http://localhost:3000/#Example'
[10:16:47 24:01:2024] - ERROR - ERR_CONNECTION_REFUSED (-102) loading 'http://localhost:3000/#Example'
[10:16:58 24:01:2024] - ERROR - ERR_CONNECTION_REFUSED (-102) loading 'http://localhost:3000/#Example'
[10:16:58 24:01:2024] - ERROR - ERR_CONNECTION_REFUSED (-102) loading 'http://localhost:3000/#Example'
[10:16:58 24:01:2024] - ERROR - ERR_CONNECTION_REFUSED (-102) loading 'http://localhost:3000/#Example'
[10:17:10 24:01:2024] - ERROR - ERR_CONNECTION_REFUSED (-102) loading 'http://localhost:3000/#Example'
[10:17:10 24:01:2024] - ERROR - ERR_CONNECTION_REFUSED (-102) loading 'http://localhost:3000/#Example'
[10:17:10 24:01:2024] - ERROR - ERR_CONNECTION_REFUSED (-102) loading 'http://localhost:3000/#Example'
[10:17:28 24:01:2024] - ERROR - ERR_CONNECTION_REFUSED (-102) loading 'http://localhost:3000/#Example'
[10:17:28 24:01:2024] - ERROR - ERR_CONNECTION_REFUSED (-102) loading 'http://localhost:3000/#Example'
[10:17:28 24:01:2024] - ERROR - ERR_CONNECTION_REFUSED (-102) loading 'http://localhost:3000/#Example'
[10:18:46 24:01:2024] - INFO - app when ready in triggered
[10:19:03 24:01:2024] - INFO - app when ready in triggered
[10:19:49 24:01:2024] - INFO - app when ready in triggered
[10:28:03 24:01:2024] - INFO - app when ready in triggered
[10:28:06 24:01:2024] - ERROR - ERR_CONNECTION_REFUSED (-102) loading 'http://localhost:3000/#Example'
[10:28:39 24:01:2024] - INFO - app when ready in triggered
[10:31:28 24:01:2024] - INFO - app when ready in triggered
[10:32:56 24:01:2024] - INFO - app when ready in triggered
[10:33:31 24:01:2024] - INFO - app when ready in triggered
[10:33:31 24:01:2024] - INFO - app when ready in triggered
[10:33:31 24:01:2024] - INFO - app when ready in triggered
[10:33:31 24:01:2024] - INFO - app when ready in triggered
[10:33:31 24:01:2024] - INFO - app when ready in triggered
[10:33:31 24:01:2024] - INFO - app when ready in triggered
[10:33:43 24:01:2024] - INFO - app when ready in triggered
[10:33:59 24:01:2024] - INFO - app when ready in triggered
[10:33:59 24:01:2024] - INFO - app when ready in triggered
[10:33:59 24:01:2024] - INFO - app when ready in triggered
[10:34:56 24:01:2024] - INFO - app when ready in triggered
[10:35:07 24:01:2024] - INFO - app when ready in triggered
[10:35:07 24:01:2024] - INFO - app when ready in triggered
[10:35:07 24:01:2024] - INFO - app when ready in triggered
[10:35:08 24:01:2024] - INFO - app when ready in triggered
[10:35:08 24:01:2024] - INFO - app when ready in triggered
[10:35:08 24:01:2024] - INFO - app when ready in triggered
[10:35:09 24:01:2024] - INFO - app when ready in triggered
[10:35:09 24:01:2024] - INFO - app when ready in triggered
[10:35:09 24:01:2024] - INFO - app when ready in triggered
[10:35:10 24:01:2024] - ERROR - ERR_CONNECTION_REFUSED (-102) loading 'http://localhost:3000/#Example'
[10:35:10 24:01:2024] - ERROR - ERR_CONNECTION_REFUSED (-102) loading 'http://localhost:3000/#Example'
[10:35:10 24:01:2024] - ERROR - ERR_CONNECTION_REFUSED (-102) loading 'http://localhost:3000/#Example'
[10:35:11 24:01:2024] - ERROR - ERR_CONNECTION_REFUSED (-102) loading 'http://localhost:3000/#Example'
[10:35:11 24:01:2024] - ERROR - ERR_CONNECTION_REFUSED (-102) loading 'http://localhost:3000/#Example'
[10:35:11 24:01:2024] - ERROR - ERR_CONNECTION_REFUSED (-102) loading 'http://localhost:3000/#Example'
[10:35:12 24:01:2024] - ERROR - ERR_CONNECTION_REFUSED (-102) loading 'http://localhost:3000/#Example'
[10:35:12 24:01:2024] - ERROR - ERR_CONNECTION_REFUSED (-102) loading 'http://localhost:3000/#Example'
[10:35:12 24:01:2024] - ERROR - ERR_CONNECTION_REFUSED (-102) loading 'http://localhost:3000/#Example'
[10:35:17 24:01:2024] - INFO - app when ready in triggered
[10:35:17 24:01:2024] - INFO - app when ready in triggered
[10:35:17 24:01:2024] - INFO - app when ready in triggered
[10:35:19 24:01:2024] - ERROR - ERR_CONNECTION_REFUSED (-102) loading 'http://localhost:3000/#Example'
[10:35:20 24:01:2024] - ERROR - ERR_CONNECTION_REFUSED (-102) loading 'http://localhost:3000/#Example'
[10:35:20 24:01:2024] - ERROR - ERR_CONNECTION_REFUSED (-102) loading 'http://localhost:3000/#Example'
[10:35:53 24:01:2024] - INFO - app when ready in triggered
[10:35:56 24:01:2024] - ERROR - ERR_CONNECTION_REFUSED (-102) loading 'http://localhost:3000/#Example'
[10:36:17 24:01:2024] - INFO - app when ready in triggered
[10:36:20 24:01:2024] - ERROR - ERR_CONNECTION_REFUSED (-102) loading 'http://localhost:3000/#Example'
[10:37:47 24:01:2024] - INFO - app when ready in triggered
[10:38:05 24:01:2024] - INFO - app when ready in triggered
[10:38:17 24:01:2024] - INFO - app when ready in triggered
[10:38:17 24:01:2024] - INFO - app when ready in triggered
[10:38:17 24:01:2024] - INFO - app when ready in triggered
[10:38:18 24:01:2024] - INFO - app when ready in triggered
[10:38:17 24:01:2024] - INFO - app when ready in triggered
[10:38:18 24:01:2024] - INFO - app when ready in triggered
[10:38:17 24:01:2024] - INFO - app when ready in triggered
[10:38:18 24:01:2024] - INFO - app when ready in triggered
[10:38:17 24:01:2024] - INFO - app when ready in triggered
[10:38:18 24:01:2024] - INFO - app when ready in triggered
[10:38:17 24:01:2024] - INFO - app when ready in triggered
[10:38:17 24:01:2024] - INFO - app when ready in triggered
[10:38:32 24:01:2024] - INFO - app when ready in triggered
[10:38:32 24:01:2024] - INFO - app when ready in triggered
[10:38:32 24:01:2024] - INFO - app when ready in triggered
[10:38:32 24:01:2024] - INFO - app when ready in triggered
[10:38:32 24:01:2024] - INFO - app when ready in triggered
[10:38:32 24:01:2024] - INFO - app when ready in triggered
[10:38:32 24:01:2024] - INFO - app when ready in triggered
[10:38:32 24:01:2024] - INFO - app when ready in triggered
[10:38:32 24:01:2024] - INFO - app when ready in triggered
[10:38:32 24:01:2024] - INFO - app when ready in triggered
[10:38:32 24:01:2024] - INFO - app when ready in triggered
[10:38:32 24:01:2024] - INFO - app when ready in triggered
[10:38:55 24:01:2024] - INFO - app when ready in triggered
[10:38:55 24:01:2024] - INFO - app when ready in triggered
[10:38:55 24:01:2024] - INFO - app when ready in triggered
[10:38:55 24:01:2024] - INFO - app when ready in triggered
[10:38:55 24:01:2024] - INFO - app when ready in triggered
[10:38:55 24:01:2024] - INFO - app when ready in triggered
[10:38:55 24:01:2024] - INFO - app when ready in triggered
[10:38:55 24:01:2024] - INFO - app when ready in triggered
[10:38:55 24:01:2024] - INFO - app when ready in triggered
[10:38:55 24:01:2024] - INFO - app when ready in triggered
[10:38:55 24:01:2024] - INFO - app when ready in triggered
[10:38:55 24:01:2024] - INFO - app when ready in triggered
[10:39:32 24:01:2024] - INFO - app when ready in triggered
[10:39:32 24:01:2024] - INFO - app when ready in triggered
[10:39:32 24:01:2024] - INFO - app when ready in triggered
[10:39:32 24:01:2024] - INFO - app when ready in triggered
[10:39:32 24:01:2024] - INFO - app when ready in triggered
[10:39:32 24:01:2024] - INFO - app when ready in triggered
[10:39:32 24:01:2024] - INFO - app when ready in triggered
[10:39:32 24:01:2024] - INFO - app when ready in triggered
[10:39:33 24:01:2024] - INFO - app when ready in triggered
[10:39:33 24:01:2024] - INFO - app when ready in triggered
[10:39:33 24:01:2024] - INFO - app when ready in triggered
[10:39:32 24:01:2024] - INFO - app when ready in triggered
[10:45:07 24:01:2024] - INFO - app when ready in triggered
[10:45:27 24:01:2024] - INFO - app when ready in triggered
[10:48:00 24:01:2024] - INFO - app when ready in triggered
[10:49:30 24:01:2024] - INFO - app when ready in triggered
[10:50:06 24:01:2024] - INFO - app when ready in triggered
[10:50:33 24:01:2024] - INFO - app when ready in triggered
[10:52:15 24:01:2024] - INFO - app when ready in triggered
[10:52:28 24:01:2024] - INFO - app when ready in triggered
[10:53:16 24:01:2024] - INFO - app when ready in triggered
[10:53:43 24:01:2024] - INFO - app when ready in triggered
[10:56:00 24:01:2024] - INFO - app when ready in triggered
[10:59:42 24:01:2024] - INFO - app when ready in triggered
[11:01:06 24:01:2024] - INFO - app when ready in triggered
[11:01:56 24:01:2024] - INFO - app when ready in triggered
[11:02:27 24:01:2024] - INFO - app when ready in triggered
[11:02:27 24:01:2024] - INFO - app when ready in triggered
[11:02:27 24:01:2024] - INFO - app when ready in triggered
[11:04:32 24:01:2024] - INFO - app when ready in triggered
[11:05:00 24:01:2024] - INFO - app when ready in triggered
[11:05:45 24:01:2024] - INFO - app when ready in triggered
[11:06:16 24:01:2024] - INFO - app when ready in triggered
[11:09:15 24:01:2024] - INFO - app when ready in triggered
[11:10:04 24:01:2024] - INFO - app when ready in triggered
[11:10:21 24:01:2024] - INFO - app when ready in triggered
[11:10:38 24:01:2024] - INFO - app when ready in triggered
[11:11:18 24:01:2024] - INFO - app when ready in triggered
[11:12:29 24:01:2024] - INFO - app when ready in triggered
[11:12:42 24:01:2024] - INFO - app when ready in triggered
[11:15:23 24:01:2024] - INFO - app when ready in triggered
[11:15:34 24:01:2024] - INFO - app when ready in triggered
[11:15:54 24:01:2024] - INFO - app when ready in triggered
[11:16:54 24:01:2024] - INFO - app when ready in triggered
[11:17:46 24:01:2024] - INFO - app when ready in triggered
[11:17:57 24:01:2024] - INFO - app when ready in triggered
[11:18:40 24:01:2024] - INFO - app when ready in triggered
[11:18:55 24:01:2024] - INFO - app when ready in triggered
[11:20:00 24:01:2024] - INFO - app when ready in triggered
[11:20:03 24:01:2024] - ERROR - ERR_CONNECTION_REFUSED (-102) loading 'http://localhost:3000/#example'
[11:20:10 24:01:2024] - INFO - app when ready in triggered
[11:20:13 24:01:2024] - ERROR - ERR_CONNECTION_REFUSED (-102) loading 'http://localhost:3000/#example'
[11:20:36 24:01:2024] - INFO - app when ready in triggered
[11:20:36 24:01:2024] - INFO - app when ready in triggered
[11:21:11 24:01:2024] - INFO - app when ready in triggered
[11:21:11 24:01:2024] - INFO - app when ready in triggered
[11:21:52 24:01:2024] - INFO - app when ready in triggered
[11:22:02 24:01:2024] - INFO - app when ready in triggered
[11:22:04 24:01:2024] - ERROR - ERR_CONNECTION_REFUSED (-102) loading 'http://127.0.0.1:3000/#example'
[11:22:27 24:01:2024] - INFO - app when ready in triggered
[11:22:30 24:01:2024] - ERROR - ERR_CONNECTION_REFUSED (-102) loading 'http://127.0.0.1:3000/#example'
[11:25:44 24:01:2024] - INFO - app when ready in triggered
[11:25:46 24:01:2024] - ERROR - ERR_CONNECTION_REFUSED (-102) loading 'http://127.0.0.1:3000/#example'
[11:25:49 24:01:2024] - INFO - app when ready in triggered
[11:25:59 24:01:2024] - INFO - app when ready in triggered
[11:26:14 24:01:2024] - INFO - app when ready in triggered
[11:26:15 24:01:2024] - INFO - app when ready in triggered
[11:26:36 24:01:2024] - INFO - app when ready in triggered
[11:26:46 24:01:2024] - INFO - app when ready in triggered
[11:26:57 24:01:2024] - INFO - app when ready in triggered
[11:27:57 24:01:2024] - INFO - app when ready in triggered
[11:28:07 24:01:2024] - INFO - app when ready in triggered
[11:28:10 24:01:2024] - ERROR - ERR_CONNECTION_REFUSED (-102) loading 'http://127.0.0.1:3000/#example'
[11:28:23 24:01:2024] - INFO - app when ready in triggered
[11:28:33 24:01:2024] - INFO - app when ready in triggered
[11:28:49 24:01:2024] - INFO - app when ready in triggered
[11:35:11 24:01:2024] - INFO - app when ready in triggered
[11:35:13 24:01:2024] - ERROR - ERR_CONNECTION_REFUSED (-102) loading 'http://127.0.0.1:3000/#example'
[11:35:41 24:01:2024] - INFO - app when ready in triggered
[11:35:43 24:01:2024] - ERROR - ERR_CONNECTION_REFUSED (-102) loading 'http://127.0.0.1:3000/#example'
[11:41:28 24:01:2024] - INFO - app when ready in triggered
[11:41:30 24:01:2024] - ERROR - ERR_CONNECTION_REFUSED (-102) loading 'http://127.0.0.1:3000/#example'
[11:43:21 24:01:2024] - INFO - app when ready in triggered
[11:44:40 24:01:2024] - INFO - app when ready in triggered
[11:45:20 24:01:2024] - INFO - app when ready in triggered
[11:46:27 24:01:2024] - INFO - app when ready in triggered
[11:46:54 24:01:2024] - INFO - app when ready in triggered
[11:47:19 24:01:2024] - INFO - app when ready in triggered
[11:47:54 24:01:2024] - INFO - app when ready in triggered
[11:49:13 24:01:2024] - INFO - app when ready in triggered
[11:49:15 24:01:2024] - ERROR - ERR_CONNECTION_REFUSED (-102) loading 'http://127.0.0.1:3000/#example'
[11:49:44 24:01:2024] - INFO - app when ready in triggered
[11:50:10 24:01:2024] - INFO - app when ready in triggered
[11:51:20 24:01:2024] - INFO - app when ready in triggered
[11:51:53 24:01:2024] - INFO - app when ready in triggered
[11:52:03 24:01:2024] - INFO - app when ready in triggered
[11:52:05 24:01:2024] - ERROR - ERR_CONNECTION_REFUSED (-102) loading 'http://127.0.0.1:3000/#example'
[11:52:18 24:01:2024] - INFO - app when ready in triggered
[11:52:21 24:01:2024] - ERROR - ERR_CONNECTION_REFUSED (-102) loading 'http://127.0.0.1:3000/#example'
[11:52:39 24:01:2024] - INFO - app when ready in triggered
[11:52:39 24:01:2024] - INFO - app when ready in triggered
[11:56:07 24:01:2024] - INFO - app when ready in triggered
[11:59:12 24:01:2024] - INFO - app when ready in triggered
[11:59:39 24:01:2024] - INFO - app when ready in triggered
[12:00:08 24:01:2024] - INFO - app when ready in triggered
[12:02:14 24:01:2024] - INFO - app when ready in triggered
[12:02:14 24:01:2024] - ERROR - ERR_FILE_NOT_FOUND (-6) loading 'file:///D:/PEKERJAAN/Api/DKAParking/Admin/dist/UI/index.html#/example'
[12:04:19 24:01:2024] - INFO - app when ready in triggered
[12:04:19 24:01:2024] - ERROR - ERR_FILE_NOT_FOUND (-6) loading 'file:///D:/PEKERJAAN/Api/DKAParking/Admin/dist/UI/index.html#/example'
[12:05:21 24:01:2024] - INFO - app when ready in triggered
[12:05:21 24:01:2024] - ERROR - ERR_FILE_NOT_FOUND (-6) loading 'file:///D:/PEKERJAAN/Api/DKAParking/Admin/dist/UI/index.html#/example'
[12:05:54 24:01:2024] - INFO - app when ready in triggered
[12:05:54 24:01:2024] - ERROR - ERR_FILE_NOT_FOUND (-6) loading 'file:///D:/PEKERJAAN/Api/DKAParking/Admin/dist/UI/index.html#/example'
[12:06:31 24:01:2024] - INFO - app when ready in triggered
[12:06:31 24:01:2024] - ERROR - ERR_FILE_NOT_FOUND (-6) loading 'file:///D:/PEKERJAAN/Api/DKAParking/Admin/dist/UI/index.html#/example'
[12:06:42 24:01:2024] - INFO - app when ready in triggered
[12:06:42 24:01:2024] - ERROR - ERR_FILE_NOT_FOUND (-6) loading 'file:///D:/PEKERJAAN/Api/DKAParking/Admin/dist/UI/index.html#/example'
[12:07:06 24:01:2024] - INFO - app when ready in triggered
[12:07:06 24:01:2024] - ERROR - ERR_FILE_NOT_FOUND (-6) loading 'file:///D:/PEKERJAAN/Api/DKAParking/Admin/dist/UI/index.html#/example'
[12:07:55 24:01:2024] - INFO - app when ready in triggered
[12:07:56 24:01:2024] - ERROR - ERR_FILE_NOT_FOUND (-6) loading 'file:///D:/PEKERJAAN/Api/DKAParking/Admin/dist/UI/index.html#/example'
[12:08:10 24:01:2024] - INFO - app when ready in triggered
[12:08:10 24:01:2024] - ERROR - ERR_FILE_NOT_FOUND (-6) loading 'file:///D:/PEKERJAAN/Api/DKAParking/Admin/dist/UI/index.html#/example'
[12:08:28 24:01:2024] - INFO - app when ready in triggered
[12:08:29 24:01:2024] - ERROR - ERR_FILE_NOT_FOUND (-6) loading 'file:///D:/PEKERJAAN/Api/DKAParking/Admin/dist/UI/index.html#/example'
[12:09:24 24:01:2024] - INFO - app when ready in triggered
[12:09:24 24:01:2024] - ERROR - ERR_FILE_NOT_FOUND (-6) loading 'file:///D:/PEKERJAAN/Api/DKAParking/Admin/dist/UI/index.html#/example'
[12:10:05 24:01:2024] - INFO - app when ready in triggered
[12:11:01 24:01:2024] - INFO - app when ready in triggered
[12:13:00 24:01:2024] - INFO - app when ready in triggered
